45.0 APEX_CODE,FINEST;APEX_PROFILING,INFO;CALLOUT,INFO;DB,INFO;NBA,INFO;SYSTEM,DEBUG;VALIDATION,INFO;VISUALFORCE,FINER;WAVE,INFO;WORKFLOW,INFO
02:05:56.0 (265048)|USER_INFO|[EXTERNAL]|0059A000001MzEk|test-tqags3av917l@example.com|(GMT-08:00) Pacific Standard Time (America/Los_Angeles)|GMT-08:00
02:05:56.0 (320979)|EXECUTION_STARTED
02:05:56.0 (327236)|CODE_UNIT_STARTED|[EXTERNAL]|Aura
02:05:56.0 (2066331)|CODE_UNIT_STARTED|[EXTERNAL]|01p9A000000mASH|ContactController.getContactList()
02:05:56.0 (2348389)|HEAP_ALLOCATE|[72]|Bytes:3
02:05:56.0 (2421367)|HEAP_ALLOCATE|[77]|Bytes:152
02:05:56.0 (2444598)|HEAP_ALLOCATE|[342]|Bytes:408
02:05:56.0 (2465139)|HEAP_ALLOCATE|[355]|Bytes:408
02:05:56.0 (2483584)|HEAP_ALLOCATE|[467]|Bytes:48
02:05:56.0 (2518119)|HEAP_ALLOCATE|[139]|Bytes:6
02:05:56.0 (2611724)|HEAP_ALLOCATE|[EXTERNAL]|Bytes:1
02:05:56.0 (2631805)|METHOD_ENTRY|[1]|01p9A000000mASH|ContactController.ContactController()
02:05:56.0 (2639649)|STATEMENT_EXECUTE|[1]
02:05:56.0 (2647464)|STATEMENT_EXECUTE|[1]
02:05:56.0 (2681717)|HEAP_ALLOCATE|[50]|Bytes:5
02:05:56.0 (2716208)|HEAP_ALLOCATE|[56]|Bytes:5
02:05:56.0 (2730958)|HEAP_ALLOCATE|[64]|Bytes:7
02:05:56.0 (2762799)|SYSTEM_MODE_ENTER|false
02:05:56.0 (2788839)|HEAP_ALLOCATE|[EXTERNAL]|Bytes:5
02:05:56.0 (2799797)|SYSTEM_MODE_EXIT|false
02:05:56.0 (2811627)|METHOD_EXIT|[1]|ContactController
02:05:56.0 (2823048)|SYSTEM_MODE_ENTER|false
02:05:56.0 (2837641)|HEAP_ALLOCATE|[5]|Bytes:5
02:05:56.0 (2843879)|STATEMENT_EXECUTE|[4]
02:05:56.0 (2845997)|STATEMENT_EXECUTE|[5]
02:05:56.0 (2849018)|HEAP_ALLOCATE|[5]|Bytes:6
02:05:56.0 (2858844)|VARIABLE_SCOPE_BEGIN|[5]|var|String|false|false
02:05:56.0 (2894332)|VARIABLE_ASSIGNMENT|[5]|var|"pankaj"
02:05:56.0 (2900928)|STATEMENT_EXECUTE|[6]
02:05:56.0 (2904727)|HEAP_ALLOCATE|[6]|Bytes:58
02:05:56.0 (2935083)|HEAP_ALLOCATE|[6]|Bytes:4
02:05:56.0 (3587214)|SOQL_EXECUTE_BEGIN|[6]|Aggregations:0|SELECT Id, Name, Title, Phone, Email FROM Contact LIMIT 10
02:05:56.0 (9124171)|SOQL_EXECUTE_END|[6]|Rows:1
02:05:56.0 (9162584)|HEAP_ALLOCATE|[6]|Bytes:8
02:05:56.0 (9182855)|HEAP_ALLOCATE|[6]|Bytes:62
02:05:56.0 (9333094)|HEAP_ALLOCATE|[6]|Bytes:8
02:05:56.0 (9366884)|SYSTEM_MODE_EXIT|false
02:05:56.9 (9413705)|CUMULATIVE_LIMIT_USAGE
02:05:56.9 (9413705)|LIMIT_USAGE_FOR_NS|(default)|
  Number of SOQL queries: 1 out of 100
  Number of query rows: 1 out of 50000
  Number of SOSL queries: 0 out of 20
  Number of DML statements: 0 out of 0
  Number of DML rows: 0 out of 10000
  Maximum CPU time: 0 out of 10000
  Maximum heap size: 0 out of 6000000
  Number of callouts: 0 out of 100
  Number of Email Invocations: 0 out of 10
  Number of future calls: 0 out of 50
  Number of queueable jobs added to the queue: 0 out of 50
  Number of Mobile Apex push calls: 0 out of 10

02:05:56.9 (9413705)|CUMULATIVE_LIMIT_USAGE_END

02:05:56.0 (9474509)|CODE_UNIT_FINISHED|ContactController.getContactList()
02:05:56.0 (9546100)|CODE_UNIT_FINISHED|Aura
02:05:56.0 (11236608)|EXECUTION_FINISHED
