45.0 APEX_CODE,FINEST;APEX_PROFILING,INFO;CALLOUT,INFO;DB,INFO;NBA,INFO;SYSTEM,DEBUG;VALIDATION,INFO;VISUALFORCE,FINER;WAVE,INFO;WORKFLOW,INFO
01:38:17.2 (2576831)|USER_INFO|[EXTERNAL]|0059A000001MzEk|test-tqags3av917l@example.com|(GMT-08:00) Pacific Standard Time (America/Los_Angeles)|GMT-08:00
01:38:17.2 (2628955)|EXECUTION_STARTED
01:38:17.2 (2634856)|CODE_UNIT_STARTED|[EXTERNAL]|Aura
01:38:17.2 (4222569)|CODE_UNIT_STARTED|[EXTERNAL]|01p9A000000mASH|ContactController.getContactList()
01:38:17.2 (4673179)|HEAP_ALLOCATE|[72]|Bytes:3
01:38:17.2 (4745612)|HEAP_ALLOCATE|[77]|Bytes:152
01:38:17.2 (4769252)|HEAP_ALLOCATE|[342]|Bytes:408
01:38:17.2 (4789827)|HEAP_ALLOCATE|[355]|Bytes:408
01:38:17.2 (4808405)|HEAP_ALLOCATE|[467]|Bytes:48
01:38:17.2 (4842602)|HEAP_ALLOCATE|[139]|Bytes:6
01:38:17.2 (4871387)|HEAP_ALLOCATE|[EXTERNAL]|Bytes:1
01:38:17.2 (4890389)|METHOD_ENTRY|[1]|01p9A000000mASH|ContactController.ContactController()
01:38:17.2 (4898258)|STATEMENT_EXECUTE|[1]
01:38:17.2 (4905335)|STATEMENT_EXECUTE|[1]
01:38:17.2 (4938406)|HEAP_ALLOCATE|[50]|Bytes:5
01:38:17.2 (4972591)|HEAP_ALLOCATE|[56]|Bytes:5
01:38:17.2 (4986778)|HEAP_ALLOCATE|[64]|Bytes:7
01:38:17.2 (5014286)|SYSTEM_MODE_ENTER|false
01:38:17.2 (5039613)|HEAP_ALLOCATE|[EXTERNAL]|Bytes:5
01:38:17.2 (5049986)|SYSTEM_MODE_EXIT|false
01:38:17.2 (5061902)|METHOD_EXIT|[1]|ContactController
01:38:17.2 (5073545)|SYSTEM_MODE_ENTER|false
01:38:17.2 (5088030)|HEAP_ALLOCATE|[5]|Bytes:5
01:38:17.2 (5094191)|STATEMENT_EXECUTE|[4]
01:38:17.2 (5096409)|STATEMENT_EXECUTE|[5]
01:38:17.2 (5099893)|HEAP_ALLOCATE|[5]|Bytes:58
01:38:17.2 (5125689)|HEAP_ALLOCATE|[5]|Bytes:4
01:38:17.2 (5631340)|SOQL_EXECUTE_BEGIN|[5]|Aggregations:0|SELECT Id, Name, Title, Phone, Email FROM Contact LIMIT 10
01:38:17.2 (8827257)|SOQL_EXECUTE_END|[5]|Rows:1
01:38:17.2 (8859067)|HEAP_ALLOCATE|[5]|Bytes:8
01:38:17.2 (8876917)|HEAP_ALLOCATE|[5]|Bytes:62
01:38:17.2 (8917193)|HEAP_ALLOCATE|[5]|Bytes:8
01:38:17.2 (8940498)|SYSTEM_MODE_EXIT|false
01:38:17.8 (8979727)|CUMULATIVE_LIMIT_USAGE
01:38:17.8 (8979727)|LIMIT_USAGE_FOR_NS|(default)|
  Number of SOQL queries: 1 out of 100
  Number of query rows: 1 out of 50000
  Number of SOSL queries: 0 out of 20
  Number of DML statements: 0 out of 0
  Number of DML rows: 0 out of 10000
  Maximum CPU time: 0 out of 10000
  Maximum heap size: 0 out of 6000000
  Number of callouts: 0 out of 100
  Number of Email Invocations: 0 out of 10
  Number of future calls: 0 out of 50
  Number of queueable jobs added to the queue: 0 out of 50
  Number of Mobile Apex push calls: 0 out of 10

01:38:17.8 (8979727)|CUMULATIVE_LIMIT_USAGE_END

01:38:17.2 (9032023)|CODE_UNIT_FINISHED|ContactController.getContactList()
01:38:17.2 (9086394)|CODE_UNIT_FINISHED|Aura
01:38:17.2 (11054371)|EXECUTION_FINISHED
