45.0 APEX_CODE,FINEST;APEX_PROFILING,INFO;CALLOUT,INFO;DB,INFO;NBA,INFO;SYSTEM,DEBUG;VALIDATION,INFO;VISUALFORCE,FINER;WAVE,INFO;WORKFLOW,INFO
02:22:26.2 (2420056)|USER_INFO|[EXTERNAL]|0059A000001MzEk|test-tqags3av917l@example.com|(GMT-08:00) Pacific Standard Time (America/Los_Angeles)|GMT-08:00
02:22:26.2 (2470455)|EXECUTION_STARTED
02:22:26.2 (2476204)|CODE_UNIT_STARTED|[EXTERNAL]|Aura
02:22:26.2 (3933930)|CODE_UNIT_STARTED|[EXTERNAL]|01p9A000000mASH|ContactController.getContactList()
02:22:26.2 (4164168)|HEAP_ALLOCATE|[72]|Bytes:3
02:22:26.2 (4235108)|HEAP_ALLOCATE|[77]|Bytes:152
02:22:26.2 (4263923)|HEAP_ALLOCATE|[342]|Bytes:408
02:22:26.2 (4284104)|HEAP_ALLOCATE|[355]|Bytes:408
02:22:26.2 (4301865)|HEAP_ALLOCATE|[467]|Bytes:48
02:22:26.2 (4335487)|HEAP_ALLOCATE|[139]|Bytes:6
02:22:26.2 (4423373)|HEAP_ALLOCATE|[EXTERNAL]|Bytes:1
02:22:26.2 (4444220)|METHOD_ENTRY|[1]|01p9A000000mASH|ContactController.ContactController()
02:22:26.2 (4452021)|STATEMENT_EXECUTE|[1]
02:22:26.2 (4458887)|STATEMENT_EXECUTE|[1]
02:22:26.2 (4491468)|HEAP_ALLOCATE|[50]|Bytes:5
02:22:26.2 (4523940)|HEAP_ALLOCATE|[56]|Bytes:5
02:22:26.2 (4537674)|HEAP_ALLOCATE|[64]|Bytes:7
02:22:26.2 (4564636)|SYSTEM_MODE_ENTER|false
02:22:26.2 (4588655)|HEAP_ALLOCATE|[EXTERNAL]|Bytes:5
02:22:26.2 (4598058)|SYSTEM_MODE_EXIT|false
02:22:26.2 (4610075)|METHOD_EXIT|[1]|ContactController
02:22:26.2 (4620677)|SYSTEM_MODE_ENTER|false
02:22:26.2 (4634529)|HEAP_ALLOCATE|[5]|Bytes:5
02:22:26.2 (4640385)|STATEMENT_EXECUTE|[4]
02:22:26.2 (4642592)|STATEMENT_EXECUTE|[5]
02:22:26.2 (4645867)|HEAP_ALLOCATE|[5]|Bytes:6
02:22:26.2 (4654920)|VARIABLE_SCOPE_BEGIN|[5]|var|String|false|false
02:22:26.2 (4682460)|VARIABLE_ASSIGNMENT|[5]|var|"pankaj"
02:22:26.2 (4688697)|STATEMENT_EXECUTE|[6]
02:22:26.2 (4692434)|HEAP_ALLOCATE|[6]|Bytes:58
02:22:26.2 (4722278)|HEAP_ALLOCATE|[6]|Bytes:4
02:22:26.2 (5180651)|SOQL_EXECUTE_BEGIN|[6]|Aggregations:0|SELECT Id, Name, Title, Phone, Email FROM Contact LIMIT 10
02:22:26.2 (8179134)|SOQL_EXECUTE_END|[6]|Rows:1
02:22:26.2 (8209936)|HEAP_ALLOCATE|[6]|Bytes:8
02:22:26.2 (8226601)|HEAP_ALLOCATE|[6]|Bytes:62
02:22:26.2 (8349695)|HEAP_ALLOCATE|[6]|Bytes:8
02:22:26.2 (8372514)|SYSTEM_MODE_EXIT|false
02:22:26.8 (8406364)|CUMULATIVE_LIMIT_USAGE
02:22:26.8 (8406364)|LIMIT_USAGE_FOR_NS|(default)|
  Number of SOQL queries: 1 out of 100
  Number of query rows: 1 out of 50000
  Number of SOSL queries: 0 out of 20
  Number of DML statements: 0 out of 0
  Number of DML rows: 0 out of 10000
  Maximum CPU time: 0 out of 10000
  Maximum heap size: 0 out of 6000000
  Number of callouts: 0 out of 100
  Number of Email Invocations: 0 out of 10
  Number of future calls: 0 out of 50
  Number of queueable jobs added to the queue: 0 out of 50
  Number of Mobile Apex push calls: 0 out of 10

02:22:26.8 (8406364)|CUMULATIVE_LIMIT_USAGE_END

02:22:26.2 (8476954)|CODE_UNIT_FINISHED|ContactController.getContactList()
02:22:26.2 (8525206)|CODE_UNIT_FINISHED|Aura
02:22:26.2 (10219154)|EXECUTION_FINISHED
